<?xml version="1.0" encoding="UTF-8"?>
<!-- Generated by org.testng.reporters.JUnitReportReporter -->
<testsuite hostname="DESKTOP-G74HI41" failures="0" tests="1" name="com.nexsoft.calendar.AppiumContactDiary" time="92.381" errors="0" timestamp="2022-06-23T10:31:55 ICT" skipped="0">
  <testcase classname="com.nexsoft.calendar.AppiumContactDiary" name="init" time="92.381"/>
  <system-out/>
</testsuite> <!-- com.nexsoft.calendar.AppiumContactDiary -->
