<?xml version="1.0" encoding="UTF-8"?>
<!-- Generated by org.testng.reporters.JUnitReportReporter -->
<testsuite hostname="DESKTOP-G74HI41" failures="0" tests="1" name="AppiumContactDiary" time="71.790" errors="0" timestamp="2022-06-22T10:40:40 ICT" skipped="0">
  <testcase classname="AppiumContactDiary" name="init" time="71.790"/>
  <system-out/>
</testsuite> <!-- AppiumContactDiary -->
